2025-10-13 20:05:34,307 - urllib3.connectionpool - DEBUG - Starting new HTTPS connection (1): www.manuelita.com:443
2025-10-13 20:05:35,505 - urllib3.connectionpool - DEBUG - https://www.manuelita.com:443 "GET / HTTP/1.1" 200 None
2025-10-13 20:05:38,463 - urllib3.connectionpool - DEBUG - https://www.manuelita.com:443 "GET /perfil-corporativo/ HTTP/1.1" 200 None
2025-10-13 20:05:41,272 - urllib3.connectionpool - DEBUG - https://www.manuelita.com:443 "GET /historia/ HTTP/1.1" 200 None
2025-10-13 20:31:20,122 - urllib3.connectionpool - DEBUG - Starting new HTTPS connection (1): www.manuelita.com:443
2025-10-13 20:31:21,686 - urllib3.connectionpool - DEBUG - https://www.manuelita.com:443 "GET / HTTP/1.1" 200 None
2025-10-13 20:31:24,609 - urllib3.connectionpool - DEBUG - https://www.manuelita.com:443 "GET /perfil-corporativo/ HTTP/1.1" 200 None
2025-10-13 20:31:27,364 - urllib3.connectionpool - DEBUG - https://www.manuelita.com:443 "GET /historia/ HTTP/1.1" 200 None
2025-10-14 21:46:04,824 - urllib3.connectionpool - DEBUG - Starting new HTTPS connection (1): www.manuelita.com:443
2025-10-14 21:46:06,931 - urllib3.connectionpool - DEBUG - https://www.manuelita.com:443 "GET / HTTP/1.1" 200 None
2025-10-14 21:46:09,785 - urllib3.connectionpool - DEBUG - https://www.manuelita.com:443 "GET /perfil-corporativo/ HTTP/1.1" 200 None
2025-10-14 21:46:12,617 - urllib3.connectionpool - DEBUG - https://www.manuelita.com:443 "GET /historia/ HTTP/1.1" 200 None
2025-10-14 21:54:32,451 - urllib3.connectionpool - DEBUG - Starting new HTTPS connection (1): www.manuelita.com:443
2025-10-14 21:54:33,979 - urllib3.connectionpool - DEBUG - https://www.manuelita.com:443 "GET / HTTP/1.1" 200 None
2025-10-14 21:54:36,989 - urllib3.connectionpool - DEBUG - https://www.manuelita.com:443 "GET /perfil-corporativo/ HTTP/1.1" 200 None
2025-10-14 21:54:40,121 - urllib3.connectionpool - DEBUG - https://www.manuelita.com:443 "GET /historia/ HTTP/1.1" 200 None
2025-10-14 21:54:40,480 - urllib3.connectionpool - DEBUG - Starting new HTTPS connection (1): www.manuelita.com:443
2025-10-14 21:54:41,276 - urllib3.connectionpool - DEBUG - https://www.manuelita.com:443 "GET /manuelita-noticias HTTP/1.1" 301 None
2025-10-14 21:54:42,112 - urllib3.connectionpool - DEBUG - https://www.manuelita.com:443 "GET /manuelita-noticias/ HTTP/1.1" 200 None
2025-10-14 21:54:44,245 - urllib3.connectionpool - DEBUG - Starting new HTTP connection (1): twitter.com:80
2025-10-14 21:54:44,721 - urllib3.connectionpool - DEBUG - http://twitter.com:80 "GET /share?url=https://www.manuelita.com/manuelita-noticias/manuelita-160-anos-comprometida-con-un-futuro-sostenible/&text=%20Manuelita,%20160%20a%C3%B1os%20comprometida%20con%20un%20futuro%20sostenible HTTP/1.1" 301 0
2025-10-14 21:54:44,730 - urllib3.connectionpool - DEBUG - Starting new HTTPS connection (1): twitter.com:443
2025-10-14 21:54:45,073 - urllib3.connectionpool - DEBUG - https://twitter.com:443 "GET /share?url=https://www.manuelita.com/manuelita-noticias/manuelita-160-anos-comprometida-con-un-futuro-sostenible/&text=%20Manuelita,%20160%20a%C3%B1os%20comprometida%20con%20un%20futuro%20sostenible HTTP/1.1" 301 184
2025-10-14 21:54:45,101 - urllib3.connectionpool - DEBUG - Starting new HTTPS connection (1): x.com:443
2025-10-14 21:54:45,379 - urllib3.connectionpool - DEBUG - https://x.com:443 "GET /share?url=https://www.manuelita.com/manuelita-noticias/manuelita-160-anos-comprometida-con-un-futuro-sostenible/&text=%20Manuelita,%20160%20a%C3%B1os%20comprometida%20con%20un%20futuro%20sostenible HTTP/1.1" 200 None
2025-10-14 21:54:47,725 - urllib3.connectionpool - DEBUG - http://twitter.com:80 "GET /share?url=https://www.manuelita.com/manuelita-noticias/manuelita-y-comunidades-vecinas-compromiso-y-confianza-para-el-tejido-social/&text=%20Manuelita%20y%20comunidades%20vecinas:%20compromiso%20y%20confianza%20para%20el%20tejido%20social HTTP/1.1" 301 0
2025-10-14 21:54:47,902 - urllib3.connectionpool - DEBUG - https://twitter.com:443 "GET /share?url=https://www.manuelita.com/manuelita-noticias/manuelita-y-comunidades-vecinas-compromiso-y-confianza-para-el-tejido-social/&text=%20Manuelita%20y%20comunidades%20vecinas:%20compromiso%20y%20confianza%20para%20el%20tejido%20social HTTP/1.1" 301 196
2025-10-14 21:54:48,065 - urllib3.connectionpool - DEBUG - https://x.com:443 "GET /share?url=https://www.manuelita.com/manuelita-noticias/manuelita-y-comunidades-vecinas-compromiso-y-confianza-para-el-tejido-social/&text=%20Manuelita%20y%20comunidades%20vecinas:%20compromiso%20y%20confianza%20para%20el%20tejido%20social HTTP/1.1" 200 None
2025-10-14 21:54:50,212 - urllib3.connectionpool - DEBUG - Starting new HTTPS connection (1): www.facebook.com:443
2025-10-14 21:54:50,507 - urllib3.connectionpool - DEBUG - https://www.facebook.com:443 "GET /sharer/sharer.php?title=Manuelita%20y%20comunidades%20vecinas:%20compromiso%20y%20confianza%20para%20el%20tejido%20social&u=https://www.manuelita.com/manuelita-noticias/manuelita-y-comunidades-vecinas-compromiso-y-confianza-para-el-tejido-social/ HTTP/1.1" 400 837
2025-10-14 21:54:52,694 - urllib3.connectionpool - DEBUG - https://www.facebook.com:443 "GET /sharer/sharer.php?u=https://www.manuelita.com/manuelita-noticias/manuelita-160-anos-comprometida-con-un-futuro-sostenible/ HTTP/1.1" 400 836
2025-10-14 21:54:54,746 - urllib3.connectionpool - DEBUG - Starting new HTTPS connection (1): www.linkedin.com:443
2025-10-14 21:54:55,220 - urllib3.connectionpool - DEBUG - https://www.linkedin.com:443 "GET /shareArticle?url=https://www.manuelita.com/manuelita-noticias/manuelita-y-comunidades-vecinas-compromiso-y-confianza-para-el-tejido-social/ HTTP/1.1" 302 0
2025-10-14 21:54:55,448 - urllib3.connectionpool - DEBUG - https://www.linkedin.com:443 "GET /uas/login?session_redirect=https%3A%2F%2Fwww.linkedin.com%2FshareArticle%3Furl%3Dhttps%3A%2F%2Fwww.manuelita.com%2Fmanuelita-noticias%2Fmanuelita-y-comunidades-vecinas-compromiso-y-confianza-para-el-tejido-social%2F HTTP/1.1" 200 13579
2025-10-14 21:54:58,615 - urllib3.connectionpool - DEBUG - https://www.manuelita.com:443 "GET /manuelita-noticias/celebramos-con-nuestras-estrellas-laredo-mas-de-250-colaboradores-reconocidos-por-su-compromiso-y-trayectoria/ HTTP/1.1" 200 None
2025-10-14 21:55:01,582 - urllib3.connectionpool - DEBUG - https://www.manuelita.com:443 "GET /manuelita-noticias/fundacion-manuelita-10-anos-transformando-vidas-a-traves-de-la-educacion/ HTTP/1.1" 200 None
2025-10-14 21:55:04,576 - urllib3.connectionpool - DEBUG - https://www.manuelita.com:443 "GET /manuelita-noticias/informe-de-sostenibilidad-2023-2024/ HTTP/1.1" 200 None
2025-10-14 21:55:07,564 - urllib3.connectionpool - DEBUG - https://www.manuelita.com:443 "GET /manuelita-noticias/luis-guillermo-amu-galardonado-como-afrocolombiano-2024/ HTTP/1.1" 200 None
2025-10-14 21:55:10,536 - urllib3.connectionpool - DEBUG - https://www.manuelita.com:443 "GET /manuelita-noticias/manuelita-160-anos-comprometida-con-un-futuro-sostenible/ HTTP/1.1" 200 None
2025-10-14 21:55:13,434 - urllib3.connectionpool - DEBUG - https://www.manuelita.com:443 "GET /manuelita-noticias/manuelita-lanza-programa-huerteritos-dirigido-a-la-comunidad/ HTTP/1.1" 200 None
2025-10-14 21:55:16,433 - urllib3.connectionpool - DEBUG - https://www.manuelita.com:443 "GET /manuelita-noticias/manuelita-ratifica-su-compromiso-ambiental-con-su-participacion-en-la-cop16/ HTTP/1.1" 200 None
2025-10-14 21:55:19,611 - urllib3.connectionpool - DEBUG - https://www.manuelita.com:443 "GET /manuelita-noticias/orgullos-de-ser-reconocidos-con-el-premio-a-la-excelencia-empresarial-y-profesional-2024/ HTTP/1.1" 200 None
2025-10-14 21:55:22,547 - urllib3.connectionpool - DEBUG - https://www.manuelita.com:443 "GET /manuelita-noticias/somos-la-primera-empresa-del-sector-agroindustrial-en-responsabilidad-esg/ HTTP/1.1" 200 None
2025-10-14 21:58:04,835 - urllib3.connectionpool - DEBUG - Starting new HTTPS connection (1): www.manuelita.com:443
2025-10-14 21:58:05,921 - urllib3.connectionpool - DEBUG - https://www.manuelita.com:443 "GET / HTTP/1.1" 200 None
2025-10-14 21:58:08,858 - urllib3.connectionpool - DEBUG - https://www.manuelita.com:443 "GET /perfil-corporativo/ HTTP/1.1" 200 None
2025-10-14 21:58:11,774 - urllib3.connectionpool - DEBUG - https://www.manuelita.com:443 "GET /historia/ HTTP/1.1" 200 None
2025-10-14 21:58:11,928 - urllib3.connectionpool - DEBUG - Starting new HTTPS connection (1): www.manuelita.com:443
2025-10-14 21:58:12,659 - urllib3.connectionpool - DEBUG - https://www.manuelita.com:443 "GET /manuelita-noticias HTTP/1.1" 301 None
2025-10-14 21:58:13,514 - urllib3.connectionpool - DEBUG - https://www.manuelita.com:443 "GET /manuelita-noticias/ HTTP/1.1" 200 None
2025-10-14 21:58:15,642 - urllib3.connectionpool - DEBUG - Starting new HTTP connection (1): twitter.com:80
2025-10-14 21:58:15,809 - urllib3.connectionpool - DEBUG - http://twitter.com:80 "GET /share?url=https://www.manuelita.com/manuelita-noticias/manuelita-160-anos-comprometida-con-un-futuro-sostenible/&text=%20Manuelita,%20160%20a%C3%B1os%20comprometida%20con%20un%20futuro%20sostenible HTTP/1.1" 301 0
2025-10-14 21:58:15,820 - urllib3.connectionpool - DEBUG - Starting new HTTPS connection (1): twitter.com:443
2025-10-14 21:58:16,140 - urllib3.connectionpool - DEBUG - https://twitter.com:443 "GET /share?url=https://www.manuelita.com/manuelita-noticias/manuelita-160-anos-comprometida-con-un-futuro-sostenible/&text=%20Manuelita,%20160%20a%C3%B1os%20comprometida%20con%20un%20futuro%20sostenible HTTP/1.1" 301 184
2025-10-14 21:58:16,165 - urllib3.connectionpool - DEBUG - Starting new HTTPS connection (1): x.com:443
2025-10-14 21:58:16,380 - urllib3.connectionpool - DEBUG - https://x.com:443 "GET /share?url=https://www.manuelita.com/manuelita-noticias/manuelita-160-anos-comprometida-con-un-futuro-sostenible/&text=%20Manuelita,%20160%20a%C3%B1os%20comprometida%20con%20un%20futuro%20sostenible HTTP/1.1" 200 None
2025-10-14 21:58:18,623 - urllib3.connectionpool - DEBUG - http://twitter.com:80 "GET /share?url=https://www.manuelita.com/manuelita-noticias/manuelita-y-comunidades-vecinas-compromiso-y-confianza-para-el-tejido-social/&text=%20Manuelita%20y%20comunidades%20vecinas:%20compromiso%20y%20confianza%20para%20el%20tejido%20social HTTP/1.1" 301 0
2025-10-14 21:58:18,799 - urllib3.connectionpool - DEBUG - https://twitter.com:443 "GET /share?url=https://www.manuelita.com/manuelita-noticias/manuelita-y-comunidades-vecinas-compromiso-y-confianza-para-el-tejido-social/&text=%20Manuelita%20y%20comunidades%20vecinas:%20compromiso%20y%20confianza%20para%20el%20tejido%20social HTTP/1.1" 301 196
2025-10-14 21:58:18,932 - urllib3.connectionpool - DEBUG - https://x.com:443 "GET /share?url=https://www.manuelita.com/manuelita-noticias/manuelita-y-comunidades-vecinas-compromiso-y-confianza-para-el-tejido-social/&text=%20Manuelita%20y%20comunidades%20vecinas:%20compromiso%20y%20confianza%20para%20el%20tejido%20social HTTP/1.1" 200 None
2025-10-14 21:58:21,117 - urllib3.connectionpool - DEBUG - Starting new HTTPS connection (1): www.facebook.com:443
2025-10-14 21:58:21,540 - urllib3.connectionpool - DEBUG - https://www.facebook.com:443 "GET /sharer/sharer.php?title=Manuelita%20y%20comunidades%20vecinas:%20compromiso%20y%20confianza%20para%20el%20tejido%20social&u=https://www.manuelita.com/manuelita-noticias/manuelita-y-comunidades-vecinas-compromiso-y-confianza-para-el-tejido-social/ HTTP/1.1" 400 838
2025-10-14 21:58:23,716 - urllib3.connectionpool - DEBUG - https://www.facebook.com:443 "GET /sharer/sharer.php?u=https://www.manuelita.com/manuelita-noticias/manuelita-160-anos-comprometida-con-un-futuro-sostenible/ HTTP/1.1" 400 837
2025-10-14 21:58:25,736 - urllib3.connectionpool - DEBUG - Starting new HTTPS connection (1): www.linkedin.com:443
2025-10-14 21:58:26,178 - urllib3.connectionpool - DEBUG - https://www.linkedin.com:443 "GET /shareArticle?url=https://www.manuelita.com/manuelita-noticias/manuelita-y-comunidades-vecinas-compromiso-y-confianza-para-el-tejido-social/ HTTP/1.1" 302 0
2025-10-14 21:58:26,421 - urllib3.connectionpool - DEBUG - https://www.linkedin.com:443 "GET /uas/login?session_redirect=https%3A%2F%2Fwww.linkedin.com%2FshareArticle%3Furl%3Dhttps%3A%2F%2Fwww.manuelita.com%2Fmanuelita-noticias%2Fmanuelita-y-comunidades-vecinas-compromiso-y-confianza-para-el-tejido-social%2F HTTP/1.1" 200 13580
2025-10-14 21:58:29,650 - urllib3.connectionpool - DEBUG - https://www.manuelita.com:443 "GET /manuelita-noticias/celebramos-con-nuestras-estrellas-laredo-mas-de-250-colaboradores-reconocidos-por-su-compromiso-y-trayectoria/ HTTP/1.1" 200 None
2025-10-14 21:58:32,581 - urllib3.connectionpool - DEBUG - https://www.manuelita.com:443 "GET /manuelita-noticias/fundacion-manuelita-10-anos-transformando-vidas-a-traves-de-la-educacion/ HTTP/1.1" 200 None
2025-10-14 21:58:35,441 - urllib3.connectionpool - DEBUG - https://www.manuelita.com:443 "GET /manuelita-noticias/informe-de-sostenibilidad-2023-2024/ HTTP/1.1" 200 None
2025-10-14 21:58:38,264 - urllib3.connectionpool - DEBUG - https://www.manuelita.com:443 "GET /manuelita-noticias/luis-guillermo-amu-galardonado-como-afrocolombiano-2024/ HTTP/1.1" 200 None
2025-10-14 21:58:41,069 - urllib3.connectionpool - DEBUG - https://www.manuelita.com:443 "GET /manuelita-noticias/manuelita-160-anos-comprometida-con-un-futuro-sostenible/ HTTP/1.1" 200 None
2025-10-14 21:58:44,036 - urllib3.connectionpool - DEBUG - https://www.manuelita.com:443 "GET /manuelita-noticias/manuelita-lanza-programa-huerteritos-dirigido-a-la-comunidad/ HTTP/1.1" 200 None
2025-10-14 21:58:47,005 - urllib3.connectionpool - DEBUG - https://www.manuelita.com:443 "GET /manuelita-noticias/manuelita-ratifica-su-compromiso-ambiental-con-su-participacion-en-la-cop16/ HTTP/1.1" 200 None
2025-10-14 21:58:49,952 - urllib3.connectionpool - DEBUG - https://www.manuelita.com:443 "GET /manuelita-noticias/orgullos-de-ser-reconocidos-con-el-premio-a-la-excelencia-empresarial-y-profesional-2024/ HTTP/1.1" 200 None
2025-10-14 21:58:52,961 - urllib3.connectionpool - DEBUG - https://www.manuelita.com:443 "GET /manuelita-noticias/somos-la-primera-empresa-del-sector-agroindustrial-en-responsabilidad-esg/ HTTP/1.1" 200 None
2025-10-14 21:59:14,081 - urllib3.connectionpool - DEBUG - Starting new HTTPS connection (1): www.manuelita.com:443
2025-10-14 21:59:15,093 - urllib3.connectionpool - DEBUG - https://www.manuelita.com:443 "GET / HTTP/1.1" 200 None
2025-10-14 21:59:17,918 - urllib3.connectionpool - DEBUG - https://www.manuelita.com:443 "GET /perfil-corporativo/ HTTP/1.1" 200 None
2025-10-14 21:59:21,094 - urllib3.connectionpool - DEBUG - https://www.manuelita.com:443 "GET /historia/ HTTP/1.1" 200 None
2025-10-14 22:16:48,764 - urllib3.connectionpool - DEBUG - Starting new HTTPS connection (1): www.manuelita.com:443
2025-10-14 22:16:50,286 - urllib3.connectionpool - DEBUG - https://www.manuelita.com:443 "GET / HTTP/1.1" 200 None
2025-10-14 22:16:53,245 - urllib3.connectionpool - DEBUG - https://www.manuelita.com:443 "GET /perfil-corporativo/ HTTP/1.1" 200 None
2025-10-14 22:16:56,136 - urllib3.connectionpool - DEBUG - https://www.manuelita.com:443 "GET /historia/ HTTP/1.1" 200 None
2025-10-14 22:16:59,032 - urllib3.connectionpool - DEBUG - https://www.manuelita.com:443 "GET /gobierno-corporativo/ HTTP/1.1" 200 None
2025-10-14 22:17:01,950 - urllib3.connectionpool - DEBUG - https://www.manuelita.com:443 "GET /plataformas-de-negocios/ HTTP/1.1" 200 None
2025-10-14 22:17:04,854 - urllib3.connectionpool - DEBUG - https://www.manuelita.com:443 "GET /estrategia-corporativa/ HTTP/1.1" 200 None
2025-10-14 22:17:07,602 - urllib3.connectionpool - DEBUG - https://www.manuelita.com:443 "GET /linea-etica/ HTTP/1.1" 200 None
2025-10-14 22:17:10,437 - urllib3.connectionpool - DEBUG - https://www.manuelita.com:443 "GET /proveedores-cana/ HTTP/1.1" 200 None
2025-10-14 22:17:13,790 - urllib3.connectionpool - DEBUG - https://www.manuelita.com:443 "GET /azucar/ HTTP/1.1" 200 None
2025-10-14 22:17:13,856 - charset_normalizer - DEBUG - Encoding detection: utf_8 is most likely the one.
2025-10-14 22:17:15,943 - urllib3.connectionpool - DEBUG - Starting new HTTPS connection (1): www.manuelitaindustria.com:443
2025-10-14 22:17:17,595 - urllib3.connectionpool - DEBUG - https://www.manuelitaindustria.com:443 "GET / HTTP/1.1" 200 None
2025-10-14 22:17:20,546 - urllib3.connectionpool - DEBUG - https://www.manuelita.com:443 "GET /manuelita-productos/energias-renovables/ HTTP/1.1" 200 None
2025-10-14 22:17:23,447 - urllib3.connectionpool - DEBUG - https://www.manuelita.com:443 "GET /manuelita-productos/derivados-de-la-cana/ HTTP/1.1" 200 None
2025-10-14 22:17:26,353 - urllib3.connectionpool - DEBUG - https://www.manuelita.com:443 "GET /manuelita-productos/derivados-de-palma/ HTTP/1.1" 200 None
2025-10-14 22:17:29,231 - urllib3.connectionpool - DEBUG - https://www.manuelita.com:443 "GET /manuelita-productos/frutas-y-hortalizas/ HTTP/1.1" 200 None
2025-10-14 22:17:32,030 - urllib3.connectionpool - DEBUG - https://www.manuelita.com:443 "GET /manuelita-productos/mejillones/ HTTP/1.1" 200 None
2025-10-14 22:17:34,949 - urllib3.connectionpool - DEBUG - https://www.manuelita.com:443 "GET /manuelita-productos/camarones/ HTTP/1.1" 200 None
2025-10-14 22:17:37,773 - urllib3.connectionpool - DEBUG - https://www.manuelita.com:443 "GET /sostenibilidad/ HTTP/1.1" 200 None
2025-10-14 22:17:40,695 - urllib3.connectionpool - DEBUG - https://www.manuelita.com:443 "GET /talento/ HTTP/1.1" 200 None
2025-10-14 22:17:43,768 - urllib3.connectionpool - DEBUG - https://www.manuelita.com:443 "GET /manuelita-noticias/ HTTP/1.1" 200 None
2025-10-14 22:17:46,636 - urllib3.connectionpool - DEBUG - https://www.manuelita.com:443 "GET /blog/ HTTP/1.1" 200 None
2025-10-14 22:17:48,845 - urllib3.connectionpool - DEBUG - Starting new HTTP connection (1): fundacionmanuelita.org:80
2025-10-14 22:18:08,929 - urllib3.connectionpool - DEBUG - http://fundacionmanuelita.org:80 "GET / HTTP/1.1" 522 7283
2025-10-14 22:18:10,967 - urllib3.connectionpool - DEBUG - Starting new HTTP connection (1): www.valleonline.org:80
2025-10-14 22:18:30,745 - urllib3.connectionpool - DEBUG - http://www.valleonline.org:80 "GET / HTTP/1.1" 522 7261
2025-10-14 22:18:33,065 - urllib3.connectionpool - DEBUG - https://www.manuelita.com:443 "GET /manuelita-160/ HTTP/1.1" 200 None
2025-10-14 22:18:35,892 - urllib3.connectionpool - DEBUG - https://www.manuelita.com:443 "GET /contacto/ HTTP/1.1" 200 None
2025-10-14 22:18:38,683 - urllib3.connectionpool - DEBUG - https://www.manuelita.com:443 "GET /manuelita-productos/azucar-y-endulzantes/ HTTP/1.1" 200 None
2025-10-14 22:18:41,487 - urllib3.connectionpool - DEBUG - https://www.manuelita.com:443 "GET /manuelita-productos/azucar-industrial/ HTTP/1.1" 200 None
2025-10-14 22:18:44,260 - urllib3.connectionpool - DEBUG - https://www.manuelita.com:443 "GET /fundacion-manuelita/ HTTP/1.1" 200 None
2025-10-14 22:18:47,204 - urllib3.connectionpool - DEBUG - https://www.manuelita.com:443 "GET /manuelita-sostenib/ambiental/ HTTP/1.1" 200 None
2025-10-14 22:18:50,121 - urllib3.connectionpool - DEBUG - https://www.manuelita.com:443 "GET /manuelita-productos/bioetanol/ HTTP/1.1" 200 None
2025-10-14 22:18:53,011 - urllib3.connectionpool - DEBUG - https://www.manuelita.com:443 "GET /manuelita-productos/biodiesel/ HTTP/1.1" 200 None
2025-10-14 22:18:55,760 - urllib3.connectionpool - DEBUG - https://www.manuelita.com:443 "GET /manuelita-sostenib/economico/ HTTP/1.1" 200 None
2025-10-14 22:18:58,660 - urllib3.connectionpool - DEBUG - https://www.manuelita.com:443 "GET /manuelita-sostenib/social/ HTTP/1.1" 200 None
2025-10-14 22:19:01,472 - urllib3.connectionpool - DEBUG - https://www.manuelita.com:443 "GET /manuelita-noticias/manuelita-160-anos-comprometida-con-un-futuro-sostenible/ HTTP/1.1" 200 None
2025-10-14 22:19:04,298 - urllib3.connectionpool - DEBUG - https://www.manuelita.com:443 "GET /alimenticio/ HTTP/1.1" 200 None
2025-10-14 22:19:07,092 - urllib3.connectionpool - DEBUG - https://www.manuelita.com:443 "GET /energetico/ HTTP/1.1" 200 None
2025-10-14 22:19:09,851 - urllib3.connectionpool - DEBUG - https://www.manuelita.com:443 "GET /otros/ HTTP/1.1" 200 None
2025-10-14 22:19:12,739 - urllib3.connectionpool - DEBUG - https://www.manuelita.com:443 "GET /aviso-autorizacion-tratamiento-datos-personales/ HTTP/1.1" 200 None
2025-10-14 22:19:15,565 - urllib3.connectionpool - DEBUG - https://www.manuelita.com:443 "GET /sagrilaft-2/ HTTP/1.1" 200 None
2025-10-14 22:19:18,767 - urllib3.connectionpool - DEBUG - https://www.manuelita.com:443 "GET /ptee-2/ HTTP/1.1" 200 None
2025-10-14 22:19:19,681 - urllib3.connectionpool - DEBUG - Starting new HTTPS connection (1): www.manuelita.com:443
2025-10-14 22:19:20,430 - urllib3.connectionpool - DEBUG - https://www.manuelita.com:443 "GET /manuelita-noticias HTTP/1.1" 301 None
2025-10-14 22:19:21,267 - urllib3.connectionpool - DEBUG - https://www.manuelita.com:443 "GET /manuelita-noticias/ HTTP/1.1" 200 None
2025-10-14 22:19:23,403 - urllib3.connectionpool - DEBUG - Starting new HTTPS connection (1): fundacionmanuelita.org:443
2025-10-14 22:19:24,931 - urllib3.connectionpool - DEBUG - https://fundacionmanuelita.org:443 "GET /noticias/ HTTP/1.1" 200 None
2025-10-14 22:19:24,996 - charset_normalizer - DEBUG - Encoding detection: utf_8 is most likely the one.
2025-10-14 22:19:27,795 - urllib3.connectionpool - DEBUG - https://fundacionmanuelita.org:443 "GET / HTTP/1.1" 200 None
2025-10-14 22:19:30,793 - urllib3.connectionpool - DEBUG - https://www.manuelita.com:443 "GET /manuelita-noticias/manuelita-y-comunidades-vecinas-compromiso-y-confianza-para-el-tejido-social/ HTTP/1.1" 200 None
2025-10-14 22:19:33,734 - urllib3.connectionpool - DEBUG - https://www.manuelita.com:443 "GET /manuelita-noticias/manuelita-recibe-reconocimiento-por-su-compromiso-social-con-las-comunidades-del-meta/ HTTP/1.1" 200 None
2025-10-14 22:19:35,974 - urllib3.connectionpool - DEBUG - Starting new HTTP connection (1): twitter.com:80
2025-10-14 22:19:36,222 - urllib3.connectionpool - DEBUG - http://twitter.com:80 "GET /share?url=https://www.manuelita.com/manuelita-noticias/manuelita-160-anos-comprometida-con-un-futuro-sostenible/&text=%20Manuelita,%20160%20a%C3%B1os%20comprometida%20con%20un%20futuro%20sostenible HTTP/1.1" 301 0
2025-10-14 22:19:36,226 - urllib3.connectionpool - DEBUG - Starting new HTTPS connection (1): twitter.com:443
2025-10-14 22:19:36,483 - urllib3.connectionpool - DEBUG - https://twitter.com:443 "GET /share?url=https://www.manuelita.com/manuelita-noticias/manuelita-160-anos-comprometida-con-un-futuro-sostenible/&text=%20Manuelita,%20160%20a%C3%B1os%20comprometida%20con%20un%20futuro%20sostenible HTTP/1.1" 301 184
2025-10-14 22:19:36,530 - urllib3.connectionpool - DEBUG - Starting new HTTPS connection (1): x.com:443
2025-10-14 22:19:36,924 - urllib3.connectionpool - DEBUG - https://x.com:443 "GET /share?url=https://www.manuelita.com/manuelita-noticias/manuelita-160-anos-comprometida-con-un-futuro-sostenible/&text=%20Manuelita,%20160%20a%C3%B1os%20comprometida%20con%20un%20futuro%20sostenible HTTP/1.1" 200 None
2025-10-14 22:19:39,305 - urllib3.connectionpool - DEBUG - http://twitter.com:80 "GET /share?url=https://www.manuelita.com/manuelita-noticias/manuelita-recibe-reconocimiento-por-su-compromiso-social-con-las-comunidades-del-meta/&text=%20Manuelita%20recibe%20reconocimiento%20por%20su%20compromiso%20social%20con%20las%20comunidades%20del%20Meta HTTP/1.1" 301 0
2025-10-14 22:19:39,498 - urllib3.connectionpool - DEBUG - https://twitter.com:443 "GET /share?url=https://www.manuelita.com/manuelita-noticias/manuelita-recibe-reconocimiento-por-su-compromiso-social-con-las-comunidades-del-meta/&text=%20Manuelita%20recibe%20reconocimiento%20por%20su%20compromiso%20social%20con%20las%20comunidades%20del%20Meta HTTP/1.1" 301 202
2025-10-14 22:19:39,642 - urllib3.connectionpool - DEBUG - https://x.com:443 "GET /share?url=https://www.manuelita.com/manuelita-noticias/manuelita-recibe-reconocimiento-por-su-compromiso-social-con-las-comunidades-del-meta/&text=%20Manuelita%20recibe%20reconocimiento%20por%20su%20compromiso%20social%20con%20las%20comunidades%20del%20Meta HTTP/1.1" 200 None
2025-10-14 22:19:41,934 - urllib3.connectionpool - DEBUG - http://twitter.com:80 "GET /share?url=https://www.manuelita.com/manuelita-noticias/manuelita-y-comunidades-vecinas-compromiso-y-confianza-para-el-tejido-social/&text=%20Manuelita%20y%20comunidades%20vecinas:%20compromiso%20y%20confianza%20para%20el%20tejido%20social HTTP/1.1" 301 0
2025-10-14 22:19:42,101 - urllib3.connectionpool - DEBUG - https://twitter.com:443 "GET /share?url=https://www.manuelita.com/manuelita-noticias/manuelita-y-comunidades-vecinas-compromiso-y-confianza-para-el-tejido-social/&text=%20Manuelita%20y%20comunidades%20vecinas:%20compromiso%20y%20confianza%20para%20el%20tejido%20social HTTP/1.1" 301 196
2025-10-14 22:19:42,242 - urllib3.connectionpool - DEBUG - https://x.com:443 "GET /share?url=https://www.manuelita.com/manuelita-noticias/manuelita-y-comunidades-vecinas-compromiso-y-confianza-para-el-tejido-social/&text=%20Manuelita%20y%20comunidades%20vecinas:%20compromiso%20y%20confianza%20para%20el%20tejido%20social HTTP/1.1" 200 None
2025-10-14 22:19:44,360 - urllib3.connectionpool - DEBUG - Starting new HTTPS connection (1): www.facebook.com:443
2025-10-14 22:19:44,639 - urllib3.connectionpool - DEBUG - https://www.facebook.com:443 "GET /sharer/sharer.php?title=Manuelita%20recibe%20reconocimiento%20por%20su%20compromiso%20social%20con%20las%20comunidades%20del%20Meta&u=https://www.manuelita.com/manuelita-noticias/manuelita-recibe-reconocimiento-por-su-compromiso-social-con-las-comunidades-del-meta/ HTTP/1.1" 400 836
2025-10-14 22:19:46,830 - urllib3.connectionpool - DEBUG - https://www.facebook.com:443 "GET /sharer/sharer.php?title=Manuelita%20y%20comunidades%20vecinas:%20compromiso%20y%20confianza%20para%20el%20tejido%20social&u=https://www.manuelita.com/manuelita-noticias/manuelita-y-comunidades-vecinas-compromiso-y-confianza-para-el-tejido-social/ HTTP/1.1" 400 838
2025-10-14 22:19:49,062 - urllib3.connectionpool - DEBUG - https://www.facebook.com:443 "GET /sharer/sharer.php?u=https://www.manuelita.com/manuelita-noticias/manuelita-160-anos-comprometida-con-un-futuro-sostenible/ HTTP/1.1" 400 836
2025-10-14 22:19:51,269 - urllib3.connectionpool - DEBUG - https://www.facebook.com:443 "GET /sharer/sharer.php?u=https://www.manuelita.com/manuelita-noticias/manuelita-recibe-reconocimiento-por-su-compromiso-social-con-las-comunidades-del-meta/ HTTP/1.1" 400 835
2025-10-14 22:19:53,487 - urllib3.connectionpool - DEBUG - https://www.facebook.com:443 "GET /sharer/sharer.php?u=https://www.manuelita.com/manuelita-noticias/manuelita-y-comunidades-vecinas-compromiso-y-confianza-para-el-tejido-social/ HTTP/1.1" 400 839
2025-10-14 22:19:55,611 - urllib3.connectionpool - DEBUG - Starting new HTTPS connection (1): www.linkedin.com:443
2025-10-14 22:19:56,109 - urllib3.connectionpool - DEBUG - https://www.linkedin.com:443 "GET /shareArticle?url=https://www.manuelita.com/manuelita-noticias/manuelita-recibe-reconocimiento-por-su-compromiso-social-con-las-comunidades-del-meta/ HTTP/1.1" 302 0
2025-10-14 22:19:56,402 - urllib3.connectionpool - DEBUG - https://www.linkedin.com:443 "GET /uas/login?session_redirect=https%3A%2F%2Fwww.linkedin.com%2FshareArticle%3Furl%3Dhttps%3A%2F%2Fwww.manuelita.com%2Fmanuelita-noticias%2Fmanuelita-recibe-reconocimiento-por-su-compromiso-social-con-las-comunidades-del-meta%2F HTTP/1.1" 200 13591
2025-10-14 22:19:58,895 - urllib3.connectionpool - DEBUG - https://www.linkedin.com:443 "GET /shareArticle?url=https://www.manuelita.com/manuelita-noticias/manuelita-recibe-reconocimiento-por-su-compromiso-social-con-las-comunidades-del-meta/&text=%20Manuelita%20recibe%20reconocimiento%20por%20su%20compromiso%20social%20con%20las%20comunidades%20del%20Meta HTTP/1.1" 302 0
2025-10-14 22:19:59,172 - urllib3.connectionpool - DEBUG - https://www.linkedin.com:443 "GET /uas/login?session_redirect=https%3A%2F%2Fwww.linkedin.com%2FshareArticle%3Furl%3Dhttps%3A%2F%2Fwww.manuelita.com%2Fmanuelita-noticias%2Fmanuelita-recibe-reconocimiento-por-su-compromiso-social-con-las-comunidades-del-meta%2F%26text%3D%2520Manuelita%2520recibe%2520reconocimiento%2520por%2520su%2520compromiso%2520social%2520con%2520las%2520comunidades%2520del%2520Meta HTTP/1.1" 200 13731
2025-10-14 22:20:01,662 - urllib3.connectionpool - DEBUG - https://www.linkedin.com:443 "GET /shareArticle?url=https://www.manuelita.com/manuelita-noticias/manuelita-y-comunidades-vecinas-compromiso-y-confianza-para-el-tejido-social/ HTTP/1.1" 302 0
2025-10-14 22:20:01,950 - urllib3.connectionpool - DEBUG - https://www.linkedin.com:443 "GET /uas/login?session_redirect=https%3A%2F%2Fwww.linkedin.com%2FshareArticle%3Furl%3Dhttps%3A%2F%2Fwww.manuelita.com%2Fmanuelita-noticias%2Fmanuelita-y-comunidades-vecinas-compromiso-y-confianza-para-el-tejido-social%2F HTTP/1.1" 200 13582
2025-10-14 22:20:04,365 - urllib3.connectionpool - DEBUG - https://www.linkedin.com:443 "GET /shareArticle?url=https://www.manuelita.com/manuelita-noticias/manuelita-y-comunidades-vecinas-compromiso-y-confianza-para-el-tejido-social/&text=%20Manuelita%20y%20comunidades%20vecinas:%20compromiso%20y%20confianza%20para%20el%20tejido%20social HTTP/1.1" 302 0
2025-10-14 22:20:04,669 - urllib3.connectionpool - DEBUG - https://www.linkedin.com:443 "GET /uas/login?session_redirect=https%3A%2F%2Fwww.linkedin.com%2FshareArticle%3Furl%3Dhttps%3A%2F%2Fwww.manuelita.com%2Fmanuelita-noticias%2Fmanuelita-y-comunidades-vecinas-compromiso-y-confianza-para-el-tejido-social%2F%26text%3D%2520Manuelita%2520y%2520comunidades%2520vecinas%3A%2520compromiso%2520y%2520confianza%2520para%2520el%2520tejido%2520social HTTP/1.1" 200 13711
2025-10-14 22:20:07,674 - urllib3.connectionpool - DEBUG - https://www.manuelita.com:443 "GET /manuelita-noticias/celebramos-con-nuestras-estrellas-laredo-mas-de-250-colaboradores-reconocidos-por-su-compromiso-y-trayectoria/ HTTP/1.1" 200 None
2025-10-14 22:20:10,616 - urllib3.connectionpool - DEBUG - https://www.manuelita.com:443 "GET /manuelita-noticias/fundacion-manuelita-10-anos-transformando-vidas-a-traves-de-la-educacion/ HTTP/1.1" 200 None
2025-10-14 22:20:13,618 - urllib3.connectionpool - DEBUG - https://www.manuelita.com:443 "GET /manuelita-noticias/informe-de-sostenibilidad-2023-2024/ HTTP/1.1" 200 None
2025-10-14 22:20:16,523 - urllib3.connectionpool - DEBUG - https://www.manuelita.com:443 "GET /manuelita-noticias/la-agroindustria-en-america-latina-una-apuesta-por-el-desarrollo-sostenible-y-el-bienestar-compartido/ HTTP/1.1" 200 None
2025-10-14 22:20:19,791 - urllib3.connectionpool - DEBUG - https://www.manuelita.com:443 "GET /manuelita-noticias/luis-guillermo-amu-galardonado-como-afrocolombiano-2024/ HTTP/1.1" 200 None
2025-10-14 22:20:22,740 - urllib3.connectionpool - DEBUG - https://www.manuelita.com:443 "GET /manuelita-noticias/manuelita-160-anos-comprometida-con-un-futuro-sostenible/ HTTP/1.1" 200 None
2025-10-14 22:20:25,646 - urllib3.connectionpool - DEBUG - https://www.manuelita.com:443 "GET /manuelita-noticias/manuelita-lanza-programa-huerteritos-dirigido-a-la-comunidad/ HTTP/1.1" 200 None
2025-10-14 22:20:28,633 - urllib3.connectionpool - DEBUG - https://www.manuelita.com:443 "GET /manuelita-noticias/manuelita-ratifica-su-compromiso-ambiental-con-su-participacion-en-la-cop16/ HTTP/1.1" 200 None
2025-10-14 22:20:31,589 - urllib3.connectionpool - DEBUG - https://www.manuelita.com:443 "GET /manuelita-noticias/orgullos-de-ser-reconocidos-con-el-premio-a-la-excelencia-empresarial-y-profesional-2024/ HTTP/1.1" 200 None
2025-10-14 22:20:34,487 - urllib3.connectionpool - DEBUG - https://www.manuelita.com:443 "GET /manuelita-noticias/somos-la-primera-empresa-del-sector-agroindustrial-en-responsabilidad-esg/ HTTP/1.1" 200 None
2025-10-15 16:26:20,033 - urllib3.connectionpool - DEBUG - Starting new HTTPS connection (1): www.manuelita.com:443
2025-10-15 16:26:21,544 - urllib3.connectionpool - DEBUG - https://www.manuelita.com:443 "GET / HTTP/11" 200 None
2025-10-15 16:26:24,353 - urllib3.connectionpool - DEBUG - https://www.manuelita.com:443 "GET /perfil-corporativo/ HTTP/11" 200 None
2025-10-15 16:26:27,081 - urllib3.connectionpool - DEBUG - https://www.manuelita.com:443 "GET /historia/ HTTP/11" 200 None
2025-10-15 16:26:29,836 - urllib3.connectionpool - DEBUG - https://www.manuelita.com:443 "GET /gobierno-corporativo/ HTTP/11" 200 None
2025-10-15 16:26:32,577 - urllib3.connectionpool - DEBUG - https://www.manuelita.com:443 "GET /plataformas-de-negocios/ HTTP/11" 200 None
2025-10-15 16:26:35,305 - urllib3.connectionpool - DEBUG - https://www.manuelita.com:443 "GET /estrategia-corporativa/ HTTP/11" 200 None
2025-10-15 16:26:37,956 - urllib3.connectionpool - DEBUG - https://www.manuelita.com:443 "GET /linea-etica/ HTTP/11" 200 None
2025-10-15 16:26:40,668 - urllib3.connectionpool - DEBUG - https://www.manuelita.com:443 "GET /proveedores-cana/ HTTP/11" 200 None
2025-10-15 16:26:43,892 - urllib3.connectionpool - DEBUG - https://www.manuelita.com:443 "GET /azucar/ HTTP/11" 200 None
2025-10-15 16:26:45,920 - urllib3.connectionpool - DEBUG - Starting new HTTPS connection (1): www.manuelitaindustria.com:443
2025-10-15 16:26:47,186 - urllib3.connectionpool - DEBUG - https://www.manuelitaindustria.com:443 "GET / HTTP/11" 200 None
2025-10-15 16:26:49,985 - urllib3.connectionpool - DEBUG - https://www.manuelita.com:443 "GET /manuelita-productos/energias-renovables/ HTTP/11" 200 None
2025-10-15 16:26:52,714 - urllib3.connectionpool - DEBUG - https://www.manuelita.com:443 "GET /manuelita-productos/derivados-de-la-cana/ HTTP/11" 200 None
2025-10-15 16:26:55,419 - urllib3.connectionpool - DEBUG - https://www.manuelita.com:443 "GET /manuelita-productos/derivados-de-palma/ HTTP/11" 200 None
2025-10-15 16:26:58,137 - urllib3.connectionpool - DEBUG - https://www.manuelita.com:443 "GET /manuelita-productos/frutas-y-hortalizas/ HTTP/11" 200 None
2025-10-15 16:27:00,840 - urllib3.connectionpool - DEBUG - https://www.manuelita.com:443 "GET /manuelita-productos/mejillones/ HTTP/11" 200 None
2025-10-15 16:27:03,531 - urllib3.connectionpool - DEBUG - https://www.manuelita.com:443 "GET /manuelita-productos/camarones/ HTTP/11" 200 None
2025-10-15 16:27:06,263 - urllib3.connectionpool - DEBUG - https://www.manuelita.com:443 "GET /sostenibilidad/ HTTP/11" 200 None
2025-10-15 16:27:08,970 - urllib3.connectionpool - DEBUG - https://www.manuelita.com:443 "GET /talento/ HTTP/11" 200 None
2025-10-15 16:27:11,833 - urllib3.connectionpool - DEBUG - https://www.manuelita.com:443 "GET /manuelita-noticias/ HTTP/11" 200 None
2025-10-15 16:27:14,547 - urllib3.connectionpool - DEBUG - https://www.manuelita.com:443 "GET /blog/ HTTP/11" 200 None
2025-10-15 16:27:16,611 - urllib3.connectionpool - DEBUG - Starting new HTTP connection (1): fundacionmanuelita.org:80
2025-10-15 16:27:36,208 - urllib3.connectionpool - DEBUG - http://fundacionmanuelita.org:80 "GET / HTTP/11" 522 7284
2025-10-15 16:27:38,211 - urllib3.connectionpool - DEBUG - Starting new HTTP connection (1): www.valleonline.org:80
2025-10-15 16:27:58,181 - urllib3.connectionpool - DEBUG - http://www.valleonline.org:80 "GET / HTTP/11" 522 7262
2025-10-15 16:28:00,439 - urllib3.connectionpool - DEBUG - https://www.manuelita.com:443 "GET /manuelita-160/ HTTP/11" 200 None
2025-10-15 16:28:03,159 - urllib3.connectionpool - DEBUG - https://www.manuelita.com:443 "GET /contacto/ HTTP/11" 200 None
2025-10-15 16:28:05,895 - urllib3.connectionpool - DEBUG - https://www.manuelita.com:443 "GET /manuelita-productos/azucar-y-endulzantes/ HTTP/11" 200 None
2025-10-15 16:28:08,537 - urllib3.connectionpool - DEBUG - https://www.manuelita.com:443 "GET /manuelita-productos/azucar-industrial/ HTTP/11" 200 None
2025-10-15 16:28:11,281 - urllib3.connectionpool - DEBUG - https://www.manuelita.com:443 "GET /fundacion-manuelita/ HTTP/11" 200 None
2025-10-15 16:28:14,081 - urllib3.connectionpool - DEBUG - https://www.manuelita.com:443 "GET /manuelita-sostenib/ambiental/ HTTP/11" 200 None
2025-10-15 16:28:16,726 - urllib3.connectionpool - DEBUG - https://www.manuelita.com:443 "GET /manuelita-productos/bioetanol/ HTTP/11" 200 None
2025-10-15 16:28:19,724 - urllib3.connectionpool - DEBUG - https://www.manuelita.com:443 "GET /manuelita-productos/biodiesel/ HTTP/11" 200 None
2025-10-15 16:28:22,420 - urllib3.connectionpool - DEBUG - https://www.manuelita.com:443 "GET /manuelita-sostenib/economico/ HTTP/11" 200 None
2025-10-15 16:28:25,165 - urllib3.connectionpool - DEBUG - https://www.manuelita.com:443 "GET /manuelita-sostenib/social/ HTTP/11" 200 None
2025-10-15 16:28:27,891 - urllib3.connectionpool - DEBUG - https://www.manuelita.com:443 "GET /manuelita-noticias/manuelita-160-anos-comprometida-con-un-futuro-sostenible/ HTTP/11" 200 None
2025-10-15 16:28:30,582 - urllib3.connectionpool - DEBUG - https://www.manuelita.com:443 "GET /alimenticio/ HTTP/11" 200 None
2025-10-15 16:28:33,220 - urllib3.connectionpool - DEBUG - https://www.manuelita.com:443 "GET /energetico/ HTTP/11" 200 None
2025-10-15 16:28:35,882 - urllib3.connectionpool - DEBUG - https://www.manuelita.com:443 "GET /otros/ HTTP/11" 200 None
2025-10-15 16:28:38,541 - urllib3.connectionpool - DEBUG - https://www.manuelita.com:443 "GET /aviso-autorizacion-tratamiento-datos-personales/ HTTP/11" 200 None
2025-10-15 16:28:41,250 - urllib3.connectionpool - DEBUG - https://www.manuelita.com:443 "GET /sagrilaft-2/ HTTP/11" 200 None
2025-10-15 16:28:43,970 - urllib3.connectionpool - DEBUG - https://www.manuelita.com:443 "GET /ptee-2/ HTTP/11" 200 None
2025-10-15 16:31:13,445 - urllib3.connectionpool - DEBUG - Starting new HTTPS connection (1): www.manuelita.com:443
2025-10-15 16:31:14,398 - urllib3.connectionpool - DEBUG - https://www.manuelita.com:443 "GET / HTTP/11" 200 None
2025-10-15 16:31:17,156 - urllib3.connectionpool - DEBUG - https://www.manuelita.com:443 "GET /perfil-corporativo/ HTTP/11" 200 None
2025-10-15 16:31:20,156 - urllib3.connectionpool - DEBUG - https://www.manuelita.com:443 "GET /historia/ HTTP/11" 200 None
2025-10-15 16:31:22,918 - urllib3.connectionpool - DEBUG - https://www.manuelita.com:443 "GET /gobierno-corporativo/ HTTP/11" 200 None
2025-10-15 16:31:25,682 - urllib3.connectionpool - DEBUG - https://www.manuelita.com:443 "GET /plataformas-de-negocios/ HTTP/11" 200 None
2025-10-15 16:31:28,408 - urllib3.connectionpool - DEBUG - https://www.manuelita.com:443 "GET /estrategia-corporativa/ HTTP/11" 200 None
2025-10-15 16:31:31,160 - urllib3.connectionpool - DEBUG - https://www.manuelita.com:443 "GET /linea-etica/ HTTP/11" 200 None
2025-10-15 16:31:33,902 - urllib3.connectionpool - DEBUG - https://www.manuelita.com:443 "GET /proveedores-cana/ HTTP/11" 200 None
2025-10-15 16:31:37,124 - urllib3.connectionpool - DEBUG - https://www.manuelita.com:443 "GET /azucar/ HTTP/11" 200 None
2025-10-15 16:31:39,168 - urllib3.connectionpool - DEBUG - Starting new HTTPS connection (1): www.manuelitaindustria.com:443
2025-10-15 16:31:40,057 - urllib3.connectionpool - DEBUG - https://www.manuelitaindustria.com:443 "GET / HTTP/11" 200 None
2025-10-15 16:31:42,807 - urllib3.connectionpool - DEBUG - https://www.manuelita.com:443 "GET /manuelita-productos/energias-renovables/ HTTP/11" 200 None
2025-10-15 16:31:45,522 - urllib3.connectionpool - DEBUG - https://www.manuelita.com:443 "GET /manuelita-productos/derivados-de-la-cana/ HTTP/11" 200 None
2025-10-15 16:31:48,241 - urllib3.connectionpool - DEBUG - https://www.manuelita.com:443 "GET /manuelita-productos/derivados-de-palma/ HTTP/11" 200 None
2025-10-15 16:31:50,988 - urllib3.connectionpool - DEBUG - https://www.manuelita.com:443 "GET /manuelita-productos/frutas-y-hortalizas/ HTTP/11" 200 None
2025-10-15 16:31:53,769 - urllib3.connectionpool - DEBUG - https://www.manuelita.com:443 "GET /manuelita-productos/mejillones/ HTTP/11" 200 None
2025-10-15 16:31:56,540 - urllib3.connectionpool - DEBUG - https://www.manuelita.com:443 "GET /manuelita-productos/camarones/ HTTP/11" 200 None
2025-10-15 16:31:59,306 - urllib3.connectionpool - DEBUG - https://www.manuelita.com:443 "GET /sostenibilidad/ HTTP/11" 200 None
2025-10-15 16:32:02,032 - urllib3.connectionpool - DEBUG - https://www.manuelita.com:443 "GET /talento/ HTTP/11" 200 None
2025-10-15 16:32:04,961 - urllib3.connectionpool - DEBUG - https://www.manuelita.com:443 "GET /manuelita-noticias/ HTTP/11" 200 None
2025-10-15 16:32:07,701 - urllib3.connectionpool - DEBUG - https://www.manuelita.com:443 "GET /blog/ HTTP/11" 200 None
2025-10-15 16:32:09,768 - urllib3.connectionpool - DEBUG - Starting new HTTP connection (1): fundacionmanuelita.org:80
2025-10-15 16:32:29,373 - urllib3.connectionpool - DEBUG - http://fundacionmanuelita.org:80 "GET / HTTP/11" 522 7284
2025-10-15 16:32:31,375 - urllib3.connectionpool - DEBUG - Starting new HTTP connection (1): www.valleonline.org:80
2025-10-15 16:32:50,818 - urllib3.connectionpool - DEBUG - http://www.valleonline.org:80 "GET / HTTP/11" 522 7262
2025-10-15 16:32:53,069 - urllib3.connectionpool - DEBUG - https://www.manuelita.com:443 "GET /manuelita-160/ HTTP/11" 200 None
2025-10-15 16:32:55,837 - urllib3.connectionpool - DEBUG - https://www.manuelita.com:443 "GET /contacto/ HTTP/11" 200 None
2025-10-15 16:32:58,536 - urllib3.connectionpool - DEBUG - https://www.manuelita.com:443 "GET /manuelita-productos/azucar-y-endulzantes/ HTTP/11" 200 None
2025-10-15 16:33:01,214 - urllib3.connectionpool - DEBUG - https://www.manuelita.com:443 "GET /manuelita-productos/azucar-industrial/ HTTP/11" 200 None
2025-10-15 16:33:03,955 - urllib3.connectionpool - DEBUG - https://www.manuelita.com:443 "GET /fundacion-manuelita/ HTTP/11" 200 None
2025-10-15 16:33:06,768 - urllib3.connectionpool - DEBUG - https://www.manuelita.com:443 "GET /manuelita-sostenib/ambiental/ HTTP/11" 200 None
2025-10-15 16:33:09,488 - urllib3.connectionpool - DEBUG - https://www.manuelita.com:443 "GET /manuelita-productos/bioetanol/ HTTP/11" 200 None
2025-10-15 16:33:12,187 - urllib3.connectionpool - DEBUG - https://www.manuelita.com:443 "GET /manuelita-productos/biodiesel/ HTTP/11" 200 None
2025-10-15 16:33:14,887 - urllib3.connectionpool - DEBUG - https://www.manuelita.com:443 "GET /manuelita-sostenib/economico/ HTTP/11" 200 None
2025-10-15 16:33:17,625 - urllib3.connectionpool - DEBUG - https://www.manuelita.com:443 "GET /manuelita-sostenib/social/ HTTP/11" 200 None
2025-10-15 16:33:20,628 - urllib3.connectionpool - DEBUG - https://www.manuelita.com:443 "GET /manuelita-noticias/manuelita-160-anos-comprometida-con-un-futuro-sostenible/ HTTP/11" 200 None
2025-10-15 16:33:23,385 - urllib3.connectionpool - DEBUG - https://www.manuelita.com:443 "GET /alimenticio/ HTTP/11" 200 None
2025-10-15 16:33:26,049 - urllib3.connectionpool - DEBUG - https://www.manuelita.com:443 "GET /energetico/ HTTP/11" 200 None
2025-10-15 16:33:28,751 - urllib3.connectionpool - DEBUG - https://www.manuelita.com:443 "GET /otros/ HTTP/11" 200 None
2025-10-15 16:33:31,450 - urllib3.connectionpool - DEBUG - https://www.manuelita.com:443 "GET /aviso-autorizacion-tratamiento-datos-personales/ HTTP/11" 200 None
2025-10-15 16:33:34,175 - urllib3.connectionpool - DEBUG - https://www.manuelita.com:443 "GET /sagrilaft-2/ HTTP/11" 200 None
2025-10-15 16:33:36,903 - urllib3.connectionpool - DEBUG - https://www.manuelita.com:443 "GET /ptee-2/ HTTP/11" 200 None
2025-10-15 16:33:37,066 - urllib3.connectionpool - DEBUG - Starting new HTTPS connection (1): www.manuelita.com:443
2025-10-15 16:33:37,827 - urllib3.connectionpool - DEBUG - https://www.manuelita.com:443 "GET /manuelita-noticias HTTP/11" 301 None
2025-10-15 16:33:38,589 - urllib3.connectionpool - DEBUG - https://www.manuelita.com:443 "GET /manuelita-noticias/ HTTP/11" 200 None
2025-10-15 16:33:40,674 - urllib3.connectionpool - DEBUG - Starting new HTTPS connection (1): fundacionmanuelita.org:443
2025-10-15 16:33:41,696 - urllib3.connectionpool - DEBUG - https://fundacionmanuelita.org:443 "GET /noticias/ HTTP/11" 200 None
2025-10-15 16:33:44,262 - urllib3.connectionpool - DEBUG - https://fundacionmanuelita.org:443 "GET / HTTP/11" 200 None
2025-10-15 16:33:47,175 - urllib3.connectionpool - DEBUG - https://www.manuelita.com:443 "GET /manuelita-noticias/manuelita-y-comunidades-vecinas-compromiso-y-confianza-para-el-tejido-social/ HTTP/11" 200 None
2025-10-15 16:33:49,971 - urllib3.connectionpool - DEBUG - https://www.manuelita.com:443 "GET /manuelita-noticias/manuelita-recibe-reconocimiento-por-su-compromiso-social-con-las-comunidades-del-meta/ HTTP/11" 200 None
2025-10-15 16:33:52,046 - urllib3.connectionpool - DEBUG - Starting new HTTP connection (1): twitter.com:80
2025-10-15 16:33:52,259 - urllib3.connectionpool - DEBUG - http://twitter.com:80 "GET /share?url=https://www.manuelita.com/manuelita-noticias/manuelita-160-anos-comprometida-con-un-futuro-sostenible/&text=%20Manuelita,%20160%20a%C3%B1os%20comprometida%20con%20un%20futuro%20sostenible HTTP/11" 301 0
2025-10-15 16:33:52,261 - urllib3.connectionpool - DEBUG - Starting new HTTPS connection (1): twitter.com:443
2025-10-15 16:33:52,557 - urllib3.connectionpool - DEBUG - https://twitter.com:443 "GET /share?url=https://www.manuelita.com/manuelita-noticias/manuelita-160-anos-comprometida-con-un-futuro-sostenible/&text=%20Manuelita,%20160%20a%C3%B1os%20comprometida%20con%20un%20futuro%20sostenible HTTP/11" 301 184
2025-10-15 16:33:52,560 - urllib3.connectionpool - DEBUG - Starting new HTTPS connection (1): x.com:443
2025-10-15 16:33:52,838 - urllib3.connectionpool - DEBUG - https://x.com:443 "GET /share?url=https://www.manuelita.com/manuelita-noticias/manuelita-160-anos-comprometida-con-un-futuro-sostenible/&text=%20Manuelita,%20160%20a%C3%B1os%20comprometida%20con%20un%20futuro%20sostenible HTTP/11" 200 None
2025-10-15 16:33:55,011 - urllib3.connectionpool - DEBUG - http://twitter.com:80 "GET /share?url=https://www.manuelita.com/manuelita-noticias/manuelita-recibe-reconocimiento-por-su-compromiso-social-con-las-comunidades-del-meta/&text=%20Manuelita%20recibe%20reconocimiento%20por%20su%20compromiso%20social%20con%20las%20comunidades%20del%20Meta HTTP/11" 301 0
2025-10-15 16:33:55,102 - urllib3.connectionpool - DEBUG - https://twitter.com:443 "GET /share?url=https://www.manuelita.com/manuelita-noticias/manuelita-recibe-reconocimiento-por-su-compromiso-social-con-las-comunidades-del-meta/&text=%20Manuelita%20recibe%20reconocimiento%20por%20su%20compromiso%20social%20con%20las%20comunidades%20del%20Meta HTTP/11" 301 202
2025-10-15 16:33:55,199 - urllib3.connectionpool - DEBUG - https://x.com:443 "GET /share?url=https://www.manuelita.com/manuelita-noticias/manuelita-recibe-reconocimiento-por-su-compromiso-social-con-las-comunidades-del-meta/&text=%20Manuelita%20recibe%20reconocimiento%20por%20su%20compromiso%20social%20con%20las%20comunidades%20del%20Meta HTTP/11" 200 None
2025-10-15 16:33:57,341 - urllib3.connectionpool - DEBUG - http://twitter.com:80 "GET /share?url=https://www.manuelita.com/manuelita-noticias/manuelita-y-comunidades-vecinas-compromiso-y-confianza-para-el-tejido-social/&text=%20Manuelita%20y%20comunidades%20vecinas:%20compromiso%20y%20confianza%20para%20el%20tejido%20social HTTP/11" 301 0
2025-10-15 16:33:57,435 - urllib3.connectionpool - DEBUG - https://twitter.com:443 "GET /share?url=https://www.manuelita.com/manuelita-noticias/manuelita-y-comunidades-vecinas-compromiso-y-confianza-para-el-tejido-social/&text=%20Manuelita%20y%20comunidades%20vecinas:%20compromiso%20y%20confianza%20para%20el%20tejido%20social HTTP/11" 301 196
2025-10-15 16:33:57,538 - urllib3.connectionpool - DEBUG - https://x.com:443 "GET /share?url=https://www.manuelita.com/manuelita-noticias/manuelita-y-comunidades-vecinas-compromiso-y-confianza-para-el-tejido-social/&text=%20Manuelita%20y%20comunidades%20vecinas:%20compromiso%20y%20confianza%20para%20el%20tejido%20social HTTP/11" 200 None
2025-10-15 16:33:59,610 - urllib3.connectionpool - DEBUG - Starting new HTTPS connection (1): www.facebook.com:443
2025-10-15 16:34:00,028 - urllib3.connectionpool - DEBUG - https://www.facebook.com:443 "GET /sharer/sharer.php?title=Manuelita%20recibe%20reconocimiento%20por%20su%20compromiso%20social%20con%20las%20comunidades%20del%20Meta&u=https://www.manuelita.com/manuelita-noticias/manuelita-recibe-reconocimiento-por-su-compromiso-social-con-las-comunidades-del-meta/ HTTP/11" 400 856
2025-10-15 16:34:02,310 - urllib3.connectionpool - DEBUG - https://www.facebook.com:443 "GET /sharer/sharer.php?title=Manuelita%20y%20comunidades%20vecinas:%20compromiso%20y%20confianza%20para%20el%20tejido%20social&u=https://www.manuelita.com/manuelita-noticias/manuelita-y-comunidades-vecinas-compromiso-y-confianza-para-el-tejido-social/ HTTP/11" 400 855
2025-10-15 16:34:04,499 - urllib3.connectionpool - DEBUG - https://www.facebook.com:443 "GET /sharer/sharer.php?u=https://www.manuelita.com/manuelita-noticias/manuelita-160-anos-comprometida-con-un-futuro-sostenible/ HTTP/11" 400 855
2025-10-15 16:34:06,712 - urllib3.connectionpool - DEBUG - https://www.facebook.com:443 "GET /sharer/sharer.php?u=https://www.manuelita.com/manuelita-noticias/manuelita-recibe-reconocimiento-por-su-compromiso-social-con-las-comunidades-del-meta/ HTTP/11" 400 856
2025-10-15 16:34:08,893 - urllib3.connectionpool - DEBUG - https://www.facebook.com:443 "GET /sharer/sharer.php?u=https://www.manuelita.com/manuelita-noticias/manuelita-y-comunidades-vecinas-compromiso-y-confianza-para-el-tejido-social/ HTTP/11" 400 855
2025-10-15 16:34:10,897 - urllib3.connectionpool - DEBUG - Starting new HTTPS connection (1): www.linkedin.com:443
2025-10-15 16:34:11,334 - urllib3.connectionpool - DEBUG - https://www.linkedin.com:443 "GET /shareArticle?url=https://www.manuelita.com/manuelita-noticias/manuelita-recibe-reconocimiento-por-su-compromiso-social-con-las-comunidades-del-meta/ HTTP/11" 302 0
2025-10-15 16:34:11,552 - urllib3.connectionpool - DEBUG - https://www.linkedin.com:443 "GET /uas/login?session_redirect=https%3A%2F%2Fwww.linkedin.com%2FshareArticle%3Furl%3Dhttps%3A%2F%2Fwww.manuelita.com%2Fmanuelita-noticias%2Fmanuelita-recibe-reconocimiento-por-su-compromiso-social-con-las-comunidades-del-meta%2F HTTP/11" 200 13194
2025-10-15 16:34:13,779 - urllib3.connectionpool - DEBUG - https://www.linkedin.com:443 "GET /shareArticle?url=https://www.manuelita.com/manuelita-noticias/manuelita-recibe-reconocimiento-por-su-compromiso-social-con-las-comunidades-del-meta/&text=%20Manuelita%20recibe%20reconocimiento%20por%20su%20compromiso%20social%20con%20las%20comunidades%20del%20Meta HTTP/11" 302 0
2025-10-15 16:34:13,992 - urllib3.connectionpool - DEBUG - https://www.linkedin.com:443 "GET /uas/login?session_redirect=https%3A%2F%2Fwww.linkedin.com%2FshareArticle%3Furl%3Dhttps%3A%2F%2Fwww.manuelita.com%2Fmanuelita-noticias%2Fmanuelita-recibe-reconocimiento-por-su-compromiso-social-con-las-comunidades-del-meta%2F%26text%3D%2520Manuelita%2520recibe%2520reconocimiento%2520por%2520su%2520compromiso%2520social%2520con%2520las%2520comunidades%2520del%2520Meta HTTP/11" 200 13309
2025-10-15 16:34:16,217 - urllib3.connectionpool - DEBUG - https://www.linkedin.com:443 "GET /shareArticle?url=https://www.manuelita.com/manuelita-noticias/manuelita-y-comunidades-vecinas-compromiso-y-confianza-para-el-tejido-social/ HTTP/11" 302 0
2025-10-15 16:34:16,459 - urllib3.connectionpool - DEBUG - https://www.linkedin.com:443 "GET /uas/login?session_redirect=https%3A%2F%2Fwww.linkedin.com%2FshareArticle%3Furl%3Dhttps%3A%2F%2Fwww.manuelita.com%2Fmanuelita-noticias%2Fmanuelita-y-comunidades-vecinas-compromiso-y-confianza-para-el-tejido-social%2F HTTP/11" 200 13182
2025-10-15 16:34:18,669 - urllib3.connectionpool - DEBUG - https://www.linkedin.com:443 "GET /shareArticle?url=https://www.manuelita.com/manuelita-noticias/manuelita-y-comunidades-vecinas-compromiso-y-confianza-para-el-tejido-social/&text=%20Manuelita%20y%20comunidades%20vecinas:%20compromiso%20y%20confianza%20para%20el%20tejido%20social HTTP/11" 302 0
2025-10-15 16:34:18,952 - urllib3.connectionpool - DEBUG - https://www.linkedin.com:443 "GET /uas/login?session_redirect=https%3A%2F%2Fwww.linkedin.com%2FshareArticle%3Furl%3Dhttps%3A%2F%2Fwww.manuelita.com%2Fmanuelita-noticias%2Fmanuelita-y-comunidades-vecinas-compromiso-y-confianza-para-el-tejido-social%2F%26text%3D%2520Manuelita%2520y%2520comunidades%2520vecinas%3A%2520compromiso%2520y%2520confianza%2520para%2520el%2520tejido%2520social HTTP/11" 200 13284
2025-10-15 16:34:22,084 - urllib3.connectionpool - DEBUG - https://www.manuelita.com:443 "GET /manuelita-noticias/celebramos-con-nuestras-estrellas-laredo-mas-de-250-colaboradores-reconocidos-por-su-compromiso-y-trayectoria/ HTTP/11" 200 None
2025-10-15 16:34:24,885 - urllib3.connectionpool - DEBUG - https://www.manuelita.com:443 "GET /manuelita-noticias/fundacion-manuelita-10-anos-transformando-vidas-a-traves-de-la-educacion/ HTTP/11" 200 None
2025-10-15 16:34:27,639 - urllib3.connectionpool - DEBUG - https://www.manuelita.com:443 "GET /manuelita-noticias/informe-de-sostenibilidad-2023-2024/ HTTP/11" 200 None
2025-10-15 16:34:30,380 - urllib3.connectionpool - DEBUG - https://www.manuelita.com:443 "GET /manuelita-noticias/la-agroindustria-en-america-latina-una-apuesta-por-el-desarrollo-sostenible-y-el-bienestar-compartido/ HTTP/11" 200 None
2025-10-15 16:34:33,139 - urllib3.connectionpool - DEBUG - https://www.manuelita.com:443 "GET /manuelita-noticias/luis-guillermo-amu-galardonado-como-afrocolombiano-2024/ HTTP/11" 200 None
2025-10-15 16:34:35,908 - urllib3.connectionpool - DEBUG - https://www.manuelita.com:443 "GET /manuelita-noticias/manuelita-160-anos-comprometida-con-un-futuro-sostenible/ HTTP/11" 200 None
2025-10-15 16:34:38,674 - urllib3.connectionpool - DEBUG - https://www.manuelita.com:443 "GET /manuelita-noticias/manuelita-lanza-programa-huerteritos-dirigido-a-la-comunidad/ HTTP/11" 200 None
2025-10-15 16:34:41,425 - urllib3.connectionpool - DEBUG - https://www.manuelita.com:443 "GET /manuelita-noticias/manuelita-ratifica-su-compromiso-ambiental-con-su-participacion-en-la-cop16/ HTTP/11" 200 None
2025-10-15 16:34:44,179 - urllib3.connectionpool - DEBUG - https://www.manuelita.com:443 "GET /manuelita-noticias/orgullos-de-ser-reconocidos-con-el-premio-a-la-excelencia-empresarial-y-profesional-2024/ HTTP/11" 200 None
2025-10-15 16:34:46,952 - urllib3.connectionpool - DEBUG - https://www.manuelita.com:443 "GET /manuelita-noticias/somos-la-primera-empresa-del-sector-agroindustrial-en-responsabilidad-esg/ HTTP/11" 200 None
2025-10-16 14:49:22,320 - urllib3.connectionpool - DEBUG - Starting new HTTPS connection (1): www.manuelita.com:443
2025-10-16 14:49:23,818 - urllib3.connectionpool - DEBUG - https://www.manuelita.com:443 "GET / HTTP/11" 200 None
2025-10-16 14:49:26,576 - urllib3.connectionpool - DEBUG - https://www.manuelita.com:443 "GET /perfil-corporativo/ HTTP/11" 200 None
2025-10-16 14:49:29,278 - urllib3.connectionpool - DEBUG - https://www.manuelita.com:443 "GET /historia/ HTTP/11" 200 None
2025-10-16 14:49:32,010 - urllib3.connectionpool - DEBUG - https://www.manuelita.com:443 "GET /gobierno-corporativo/ HTTP/11" 200 None
2025-10-16 14:49:34,758 - urllib3.connectionpool - DEBUG - https://www.manuelita.com:443 "GET /plataformas-de-negocios/ HTTP/11" 200 None
2025-10-16 14:49:37,492 - urllib3.connectionpool - DEBUG - https://www.manuelita.com:443 "GET /estrategia-corporativa/ HTTP/11" 200 None
2025-10-16 14:49:40,187 - urllib3.connectionpool - DEBUG - https://www.manuelita.com:443 "GET /linea-etica/ HTTP/11" 200 None
2025-10-16 14:49:42,879 - urllib3.connectionpool - DEBUG - https://www.manuelita.com:443 "GET /proveedores-cana/ HTTP/11" 200 None
2025-10-16 14:49:45,864 - urllib3.connectionpool - DEBUG - https://www.manuelita.com:443 "GET /azucar/ HTTP/11" 200 None
2025-10-16 14:49:47,894 - urllib3.connectionpool - DEBUG - Starting new HTTPS connection (1): www.manuelitaindustria.com:443
2025-10-16 14:49:49,678 - urllib3.connectionpool - DEBUG - https://www.manuelitaindustria.com:443 "GET / HTTP/11" 200 None
2025-10-16 14:49:52,529 - urllib3.connectionpool - DEBUG - https://www.manuelita.com:443 "GET /manuelita-productos/energias-renovables/ HTTP/11" 200 None
2025-10-16 14:49:55,233 - urllib3.connectionpool - DEBUG - https://www.manuelita.com:443 "GET /manuelita-productos/derivados-de-la-cana/ HTTP/11" 200 None
2025-10-16 14:49:57,956 - urllib3.connectionpool - DEBUG - https://www.manuelita.com:443 "GET /manuelita-productos/derivados-de-palma/ HTTP/11" 200 None
2025-10-16 14:50:00,687 - urllib3.connectionpool - DEBUG - https://www.manuelita.com:443 "GET /manuelita-productos/frutas-y-hortalizas/ HTTP/11" 200 None
2025-10-16 14:50:03,408 - urllib3.connectionpool - DEBUG - https://www.manuelita.com:443 "GET /manuelita-productos/mejillones/ HTTP/11" 200 None
2025-10-16 14:50:06,097 - urllib3.connectionpool - DEBUG - https://www.manuelita.com:443 "GET /manuelita-productos/camarones/ HTTP/11" 200 None
2025-10-16 14:50:08,856 - urllib3.connectionpool - DEBUG - https://www.manuelita.com:443 "GET /sostenibilidad/ HTTP/11" 200 None
2025-10-16 14:50:11,582 - urllib3.connectionpool - DEBUG - https://www.manuelita.com:443 "GET /talento/ HTTP/11" 200 None
2025-10-16 14:50:14,449 - urllib3.connectionpool - DEBUG - https://www.manuelita.com:443 "GET /manuelita-noticias/ HTTP/11" 200 None
2025-10-16 14:50:17,175 - urllib3.connectionpool - DEBUG - https://www.manuelita.com:443 "GET /blog/ HTTP/11" 200 None
2025-10-16 14:50:19,202 - urllib3.connectionpool - DEBUG - Starting new HTTP connection (1): fundacionmanuelita.org:80
2025-10-16 14:50:38,805 - urllib3.connectionpool - DEBUG - http://fundacionmanuelita.org:80 "GET / HTTP/11" 522 7284
2025-10-16 14:50:40,807 - urllib3.connectionpool - DEBUG - Starting new HTTP connection (1): www.valleonline.org:80
2025-10-16 14:51:00,586 - urllib3.connectionpool - DEBUG - http://www.valleonline.org:80 "GET / HTTP/11" 522 7262
2025-10-16 14:51:02,823 - urllib3.connectionpool - DEBUG - https://www.manuelita.com:443 "GET /manuelita-160/ HTTP/11" 200 None
2025-10-16 14:51:05,560 - urllib3.connectionpool - DEBUG - https://www.manuelita.com:443 "GET /contacto/ HTTP/11" 200 None
2025-10-16 14:51:08,566 - urllib3.connectionpool - DEBUG - https://www.manuelita.com:443 "GET /manuelita-productos/azucar-y-endulzantes/ HTTP/11" 200 None
2025-10-16 14:51:11,208 - urllib3.connectionpool - DEBUG - https://www.manuelita.com:443 "GET /manuelita-productos/azucar-industrial/ HTTP/11" 200 None
2025-10-16 14:51:13,906 - urllib3.connectionpool - DEBUG - https://www.manuelita.com:443 "GET /fundacion-manuelita/ HTTP/11" 200 None
2025-10-16 14:51:16,696 - urllib3.connectionpool - DEBUG - https://www.manuelita.com:443 "GET /manuelita-sostenib/ambiental/ HTTP/11" 200 None
2025-10-16 14:51:19,662 - urllib3.connectionpool - DEBUG - https://www.manuelita.com:443 "GET /manuelita-productos/bioetanol/ HTTP/11" 200 None
2025-10-16 14:51:22,344 - urllib3.connectionpool - DEBUG - https://www.manuelita.com:443 "GET /manuelita-productos/biodiesel/ HTTP/11" 200 None
2025-10-16 14:51:25,038 - urllib3.connectionpool - DEBUG - https://www.manuelita.com:443 "GET /manuelita-sostenib/economico/ HTTP/11" 200 None
2025-10-16 14:51:27,758 - urllib3.connectionpool - DEBUG - https://www.manuelita.com:443 "GET /manuelita-sostenib/social/ HTTP/11" 200 None
2025-10-16 14:51:30,490 - urllib3.connectionpool - DEBUG - https://www.manuelita.com:443 "GET /manuelita-noticias/manuelita-160-anos-comprometida-con-un-futuro-sostenible/ HTTP/11" 200 None
2025-10-16 14:51:33,176 - urllib3.connectionpool - DEBUG - https://www.manuelita.com:443 "GET /alimenticio/ HTTP/11" 200 None
2025-10-16 14:51:35,868 - urllib3.connectionpool - DEBUG - https://www.manuelita.com:443 "GET /energetico/ HTTP/11" 200 None
2025-10-16 14:51:38,564 - urllib3.connectionpool - DEBUG - https://www.manuelita.com:443 "GET /otros/ HTTP/11" 200 None
2025-10-16 14:51:41,246 - urllib3.connectionpool - DEBUG - https://www.manuelita.com:443 "GET /aviso-autorizacion-tratamiento-datos-personales/ HTTP/11" 200 None
2025-10-16 14:51:43,953 - urllib3.connectionpool - DEBUG - https://www.manuelita.com:443 "GET /sagrilaft-2/ HTTP/11" 200 None
2025-10-16 14:51:46,666 - urllib3.connectionpool - DEBUG - https://www.manuelita.com:443 "GET /ptee-2/ HTTP/11" 200 None
2025-10-16 14:51:46,849 - urllib3.connectionpool - DEBUG - Starting new HTTPS connection (1): www.manuelita.com:443
2025-10-16 14:51:47,513 - urllib3.connectionpool - DEBUG - https://www.manuelita.com:443 "GET /manuelita-noticias HTTP/11" 301 None
2025-10-16 14:51:48,327 - urllib3.connectionpool - DEBUG - https://www.manuelita.com:443 "GET /manuelita-noticias/ HTTP/11" 200 None
2025-10-16 14:51:50,427 - urllib3.connectionpool - DEBUG - Starting new HTTPS connection (1): fundacionmanuelita.org:443
2025-10-16 14:51:51,880 - urllib3.connectionpool - DEBUG - https://fundacionmanuelita.org:443 "GET /noticias/ HTTP/11" 200 None
2025-10-16 14:51:54,481 - urllib3.connectionpool - DEBUG - https://fundacionmanuelita.org:443 "GET / HTTP/11" 200 None
2025-10-16 14:51:57,351 - urllib3.connectionpool - DEBUG - https://www.manuelita.com:443 "GET /manuelita-noticias/manuelita-y-comunidades-vecinas-compromiso-y-confianza-para-el-tejido-social/ HTTP/11" 200 None
2025-10-16 14:52:00,141 - urllib3.connectionpool - DEBUG - https://www.manuelita.com:443 "GET /manuelita-noticias/manuelita-recibe-reconocimiento-por-su-compromiso-social-con-las-comunidades-del-meta/ HTTP/11" 200 None
2025-10-16 14:52:02,213 - urllib3.connectionpool - DEBUG - Starting new HTTP connection (1): twitter.com:80
2025-10-16 14:52:02,419 - urllib3.connectionpool - DEBUG - http://twitter.com:80 "GET /share?url=https://www.manuelita.com/manuelita-noticias/manuelita-160-anos-comprometida-con-un-futuro-sostenible/&text=%20Manuelita,%20160%20a%C3%B1os%20comprometida%20con%20un%20futuro%20sostenible HTTP/11" 301 0
2025-10-16 14:52:02,421 - urllib3.connectionpool - DEBUG - Starting new HTTPS connection (1): twitter.com:443
2025-10-16 14:52:02,746 - urllib3.connectionpool - DEBUG - https://twitter.com:443 "GET /share?url=https://www.manuelita.com/manuelita-noticias/manuelita-160-anos-comprometida-con-un-futuro-sostenible/&text=%20Manuelita,%20160%20a%C3%B1os%20comprometida%20con%20un%20futuro%20sostenible HTTP/11" 301 184
2025-10-16 14:52:02,748 - urllib3.connectionpool - DEBUG - Starting new HTTPS connection (1): x.com:443
2025-10-16 14:52:03,164 - urllib3.connectionpool - DEBUG - https://x.com:443 "GET /share?url=https://www.manuelita.com/manuelita-noticias/manuelita-160-anos-comprometida-con-un-futuro-sostenible/&text=%20Manuelita,%20160%20a%C3%B1os%20comprometida%20con%20un%20futuro%20sostenible HTTP/11" 200 None
2025-10-16 14:52:05,341 - urllib3.connectionpool - DEBUG - http://twitter.com:80 "GET /share?url=https://www.manuelita.com/manuelita-noticias/manuelita-recibe-reconocimiento-por-su-compromiso-social-con-las-comunidades-del-meta/&text=%20Manuelita%20recibe%20reconocimiento%20por%20su%20compromiso%20social%20con%20las%20comunidades%20del%20Meta HTTP/11" 301 0
2025-10-16 14:52:05,428 - urllib3.connectionpool - DEBUG - https://twitter.com:443 "GET /share?url=https://www.manuelita.com/manuelita-noticias/manuelita-recibe-reconocimiento-por-su-compromiso-social-con-las-comunidades-del-meta/&text=%20Manuelita%20recibe%20reconocimiento%20por%20su%20compromiso%20social%20con%20las%20comunidades%20del%20Meta HTTP/11" 301 202
2025-10-16 14:52:05,543 - urllib3.connectionpool - DEBUG - https://x.com:443 "GET /share?url=https://www.manuelita.com/manuelita-noticias/manuelita-recibe-reconocimiento-por-su-compromiso-social-con-las-comunidades-del-meta/&text=%20Manuelita%20recibe%20reconocimiento%20por%20su%20compromiso%20social%20con%20las%20comunidades%20del%20Meta HTTP/11" 200 None
2025-10-16 14:52:07,695 - urllib3.connectionpool - DEBUG - http://twitter.com:80 "GET /share?url=https://www.manuelita.com/manuelita-noticias/manuelita-y-comunidades-vecinas-compromiso-y-confianza-para-el-tejido-social/&text=%20Manuelita%20y%20comunidades%20vecinas:%20compromiso%20y%20confianza%20para%20el%20tejido%20social HTTP/11" 301 0
2025-10-16 14:52:07,793 - urllib3.connectionpool - DEBUG - https://twitter.com:443 "GET /share?url=https://www.manuelita.com/manuelita-noticias/manuelita-y-comunidades-vecinas-compromiso-y-confianza-para-el-tejido-social/&text=%20Manuelita%20y%20comunidades%20vecinas:%20compromiso%20y%20confianza%20para%20el%20tejido%20social HTTP/11" 301 196
2025-10-16 14:52:07,897 - urllib3.connectionpool - DEBUG - https://x.com:443 "GET /share?url=https://www.manuelita.com/manuelita-noticias/manuelita-y-comunidades-vecinas-compromiso-y-confianza-para-el-tejido-social/&text=%20Manuelita%20y%20comunidades%20vecinas:%20compromiso%20y%20confianza%20para%20el%20tejido%20social HTTP/11" 200 None
2025-10-16 14:52:09,980 - urllib3.connectionpool - DEBUG - Starting new HTTPS connection (1): www.facebook.com:443
2025-10-16 14:52:10,340 - urllib3.connectionpool - DEBUG - https://www.facebook.com:443 "GET /sharer/sharer.php?title=Manuelita%20recibe%20reconocimiento%20por%20su%20compromiso%20social%20con%20las%20comunidades%20del%20Meta&u=https://www.manuelita.com/manuelita-noticias/manuelita-recibe-reconocimiento-por-su-compromiso-social-con-las-comunidades-del-meta/ HTTP/11" 400 859
2025-10-16 14:52:12,559 - urllib3.connectionpool - DEBUG - https://www.facebook.com:443 "GET /sharer/sharer.php?title=Manuelita%20y%20comunidades%20vecinas:%20compromiso%20y%20confianza%20para%20el%20tejido%20social&u=https://www.manuelita.com/manuelita-noticias/manuelita-y-comunidades-vecinas-compromiso-y-confianza-para-el-tejido-social/ HTTP/11" 400 856
2025-10-16 14:52:14,772 - urllib3.connectionpool - DEBUG - https://www.facebook.com:443 "GET /sharer/sharer.php?u=https://www.manuelita.com/manuelita-noticias/manuelita-160-anos-comprometida-con-un-futuro-sostenible/ HTTP/11" 400 857
2025-10-16 14:52:17,028 - urllib3.connectionpool - DEBUG - https://www.facebook.com:443 "GET /sharer/sharer.php?u=https://www.manuelita.com/manuelita-noticias/manuelita-recibe-reconocimiento-por-su-compromiso-social-con-las-comunidades-del-meta/ HTTP/11" 400 854
2025-10-16 14:52:19,222 - urllib3.connectionpool - DEBUG - https://www.facebook.com:443 "GET /sharer/sharer.php?u=https://www.manuelita.com/manuelita-noticias/manuelita-y-comunidades-vecinas-compromiso-y-confianza-para-el-tejido-social/ HTTP/11" 400 858
2025-10-16 14:52:21,225 - urllib3.connectionpool - DEBUG - Starting new HTTPS connection (1): www.linkedin.com:443
2025-10-16 14:52:21,660 - urllib3.connectionpool - DEBUG - https://www.linkedin.com:443 "GET /shareArticle?url=https://www.manuelita.com/manuelita-noticias/manuelita-recibe-reconocimiento-por-su-compromiso-social-con-las-comunidades-del-meta/ HTTP/11" 302 0
2025-10-16 14:52:21,896 - urllib3.connectionpool - DEBUG - https://www.linkedin.com:443 "GET /uas/login?session_redirect=https%3A%2F%2Fwww.linkedin.com%2FshareArticle%3Furl%3Dhttps%3A%2F%2Fwww.manuelita.com%2Fmanuelita-noticias%2Fmanuelita-recibe-reconocimiento-por-su-compromiso-social-con-las-comunidades-del-meta%2F HTTP/11" 200 13590
2025-10-16 14:52:24,116 - urllib3.connectionpool - DEBUG - https://www.linkedin.com:443 "GET /shareArticle?url=https://www.manuelita.com/manuelita-noticias/manuelita-recibe-reconocimiento-por-su-compromiso-social-con-las-comunidades-del-meta/&text=%20Manuelita%20recibe%20reconocimiento%20por%20su%20compromiso%20social%20con%20las%20comunidades%20del%20Meta HTTP/11" 302 0
2025-10-16 14:52:24,343 - urllib3.connectionpool - DEBUG - https://www.linkedin.com:443 "GET /uas/login?session_redirect=https%3A%2F%2Fwww.linkedin.com%2FshareArticle%3Furl%3Dhttps%3A%2F%2Fwww.manuelita.com%2Fmanuelita-noticias%2Fmanuelita-recibe-reconocimiento-por-su-compromiso-social-con-las-comunidades-del-meta%2F%26text%3D%2520Manuelita%2520recibe%2520reconocimiento%2520por%2520su%2520compromiso%2520social%2520con%2520las%2520comunidades%2520del%2520Meta HTTP/11" 200 13732
2025-10-16 14:52:26,595 - urllib3.connectionpool - DEBUG - https://www.linkedin.com:443 "GET /shareArticle?url=https://www.manuelita.com/manuelita-noticias/manuelita-y-comunidades-vecinas-compromiso-y-confianza-para-el-tejido-social/ HTTP/11" 302 0
2025-10-16 14:52:26,864 - urllib3.connectionpool - DEBUG - https://www.linkedin.com:443 "GET /uas/login?session_redirect=https%3A%2F%2Fwww.linkedin.com%2FshareArticle%3Furl%3Dhttps%3A%2F%2Fwww.manuelita.com%2Fmanuelita-noticias%2Fmanuelita-y-comunidades-vecinas-compromiso-y-confianza-para-el-tejido-social%2F HTTP/11" 200 13581
2025-10-16 14:52:29,092 - urllib3.connectionpool - DEBUG - https://www.linkedin.com:443 "GET /shareArticle?url=https://www.manuelita.com/manuelita-noticias/manuelita-y-comunidades-vecinas-compromiso-y-confianza-para-el-tejido-social/&text=%20Manuelita%20y%20comunidades%20vecinas:%20compromiso%20y%20confianza%20para%20el%20tejido%20social HTTP/11" 302 0
2025-10-16 14:52:29,348 - urllib3.connectionpool - DEBUG - https://www.linkedin.com:443 "GET /uas/login?session_redirect=https%3A%2F%2Fwww.linkedin.com%2FshareArticle%3Furl%3Dhttps%3A%2F%2Fwww.manuelita.com%2Fmanuelita-noticias%2Fmanuelita-y-comunidades-vecinas-compromiso-y-confianza-para-el-tejido-social%2F%26text%3D%2520Manuelita%2520y%2520comunidades%2520vecinas%3A%2520compromiso%2520y%2520confianza%2520para%2520el%2520tejido%2520social HTTP/11" 200 13710
2025-10-16 14:52:32,244 - urllib3.connectionpool - DEBUG - https://www.manuelita.com:443 "GET /manuelita-noticias/celebramos-con-nuestras-estrellas-laredo-mas-de-250-colaboradores-reconocidos-por-su-compromiso-y-trayectoria/ HTTP/11" 200 None
2025-10-16 14:52:34,994 - urllib3.connectionpool - DEBUG - https://www.manuelita.com:443 "GET /manuelita-noticias/fundacion-manuelita-10-anos-transformando-vidas-a-traves-de-la-educacion/ HTTP/11" 200 None
2025-10-16 14:52:37,787 - urllib3.connectionpool - DEBUG - https://www.manuelita.com:443 "GET /manuelita-noticias/informe-de-sostenibilidad-2023-2024/ HTTP/11" 200 None
2025-10-16 14:52:40,562 - urllib3.connectionpool - DEBUG - https://www.manuelita.com:443 "GET /manuelita-noticias/la-agroindustria-en-america-latina-una-apuesta-por-el-desarrollo-sostenible-y-el-bienestar-compartido/ HTTP/11" 200 None
2025-10-16 14:52:43,311 - urllib3.connectionpool - DEBUG - https://www.manuelita.com:443 "GET /manuelita-noticias/luis-guillermo-amu-galardonado-como-afrocolombiano-2024/ HTTP/11" 200 None
2025-10-16 14:52:46,052 - urllib3.connectionpool - DEBUG - https://www.manuelita.com:443 "GET /manuelita-noticias/manuelita-160-anos-comprometida-con-un-futuro-sostenible/ HTTP/11" 200 None
2025-10-16 14:52:48,823 - urllib3.connectionpool - DEBUG - https://www.manuelita.com:443 "GET /manuelita-noticias/manuelita-lanza-programa-huerteritos-dirigido-a-la-comunidad/ HTTP/11" 200 None
2025-10-16 14:52:51,587 - urllib3.connectionpool - DEBUG - https://www.manuelita.com:443 "GET /manuelita-noticias/manuelita-ratifica-su-compromiso-ambiental-con-su-participacion-en-la-cop16/ HTTP/11" 200 None
2025-10-16 14:52:54,323 - urllib3.connectionpool - DEBUG - https://www.manuelita.com:443 "GET /manuelita-noticias/orgullos-de-ser-reconocidos-con-el-premio-a-la-excelencia-empresarial-y-profesional-2024/ HTTP/11" 200 None
2025-10-16 14:52:57,092 - urllib3.connectionpool - DEBUG - https://www.manuelita.com:443 "GET /manuelita-noticias/somos-la-primera-empresa-del-sector-agroindustrial-en-responsabilidad-esg/ HTTP/11" 200 None
